2018:05:16 18:07:13.232 DEBUG --- [restartedMain] o.h.v.i.e.r.TraversableResolvers : Cannot find javax.persistence.Persistence on classpath. Assuming non JPA 2 environment. All properties will per default be traversable. 
2018:05:16 18:07:13.235 DEBUG --- [restartedMain] o.h.v.m.ResourceBundleMessageInterpolator : Loaded expression factory via original TCCL 
2018:05:16 18:07:13.240 DEBUG --- [restartedMain] o.h.v.i.e.r.TraversableResolvers : Cannot find javax.persistence.Persistence on classpath. Assuming non JPA 2 environment. All properties will per default be traversable. 
2018:05:16 18:07:13.242 DEBUG --- [restartedMain] o.h.v.i.engine.ConfigurationImpl : Setting custom MessageInterpolator of type org.springframework.validation.beanvalidation.LocaleContextMessageInterpolator 
2018:05:16 18:07:13.243 DEBUG --- [restartedMain] o.h.v.i.engine.ConfigurationImpl : Setting custom ConstraintValidatorFactory of type org.springframework.validation.beanvalidation.SpringConstraintValidatorFactory 
2018:05:16 18:07:13.245 DEBUG --- [restartedMain] o.h.v.i.engine.ConfigurationImpl : Setting custom ParameterNameProvider of type org.springframework.validation.beanvalidation.LocalValidatorFactoryBean$1 
2018:05:16 18:07:13.246 DEBUG --- [restartedMain] o.h.v.i.xml.ValidationXmlParser : Trying to load META-INF/validation.xml for XML based Validator configuration. 
2018:05:16 18:07:13.247 DEBUG --- [restartedMain] o.h.v.i.xml.ResourceLoaderHelper : Trying to load META-INF/validation.xml via user class loader 
2018:05:16 18:07:13.248 DEBUG --- [restartedMain] o.h.v.i.xml.ResourceLoaderHelper : Trying to load META-INF/validation.xml via TCCL 
2018:05:16 18:07:13.248 DEBUG --- [restartedMain] o.h.v.i.xml.ResourceLoaderHelper : Trying to load META-INF/validation.xml via Hibernate Validator's class loader 
2018:05:16 18:07:13.249 DEBUG --- [restartedMain] o.h.v.i.xml.ValidationXmlParser : No META-INF/validation.xml found. Using annotation based configuration only. 
2018:05:16 18:07:13.253 DEBUG --- [restartedMain] o.h.v.i.engine.ValidatorFactoryImpl : HV000234: Using org.springframework.validation.beanvalidation.LocaleContextMessageInterpolator as ValidatorFactory-scoped message interpolator. 
2018:05:16 18:07:13.253 DEBUG --- [restartedMain] o.h.v.i.engine.ValidatorFactoryImpl : HV000234: Using org.hibernate.validator.internal.engine.resolver.TraverseAllTraversableResolver as ValidatorFactory-scoped traversable resolver. 
2018:05:16 18:07:13.254 DEBUG --- [restartedMain] o.h.v.i.engine.ValidatorFactoryImpl : HV000234: Using org.hibernate.validator.internal.util.ExecutableParameterNameProvider as ValidatorFactory-scoped parameter name provider. 
2018:05:16 18:07:13.255 DEBUG --- [restartedMain] o.h.v.i.engine.ValidatorFactoryImpl : HV000234: Using org.hibernate.validator.internal.engine.DefaultClockProvider as ValidatorFactory-scoped clock provider. 
2018:05:16 18:07:13.255 DEBUG --- [restartedMain] o.h.v.i.engine.ValidatorFactoryImpl : HV000234: Using org.hibernate.validator.internal.engine.scripting.DefaultScriptEvaluatorFactory as ValidatorFactory-scoped script evaluator factory. 
2018:05:16 18:08:08.719 DEBUG --- [restartedMain] o.h.v.i.e.r.TraversableResolvers : Cannot find javax.persistence.Persistence on classpath. Assuming non JPA 2 environment. All properties will per default be traversable. 
2018:05:16 18:08:08.722 DEBUG --- [restartedMain] o.h.v.m.ResourceBundleMessageInterpolator : Loaded expression factory via original TCCL 
2018:05:16 18:08:08.726 DEBUG --- [restartedMain] o.h.v.i.e.r.TraversableResolvers : Cannot find javax.persistence.Persistence on classpath. Assuming non JPA 2 environment. All properties will per default be traversable. 
2018:05:16 18:08:08.727 DEBUG --- [restartedMain] o.h.v.i.engine.ConfigurationImpl : Setting custom MessageInterpolator of type org.springframework.validation.beanvalidation.LocaleContextMessageInterpolator 
2018:05:16 18:08:08.728 DEBUG --- [restartedMain] o.h.v.i.engine.ConfigurationImpl : Setting custom ConstraintValidatorFactory of type org.springframework.validation.beanvalidation.SpringConstraintValidatorFactory 
2018:05:16 18:08:08.729 DEBUG --- [restartedMain] o.h.v.i.engine.ConfigurationImpl : Setting custom ParameterNameProvider of type org.springframework.validation.beanvalidation.LocalValidatorFactoryBean$1 
2018:05:16 18:08:08.730 DEBUG --- [restartedMain] o.h.v.i.xml.ValidationXmlParser : Trying to load META-INF/validation.xml for XML based Validator configuration. 
2018:05:16 18:08:08.731 DEBUG --- [restartedMain] o.h.v.i.xml.ResourceLoaderHelper : Trying to load META-INF/validation.xml via user class loader 
2018:05:16 18:08:08.732 DEBUG --- [restartedMain] o.h.v.i.xml.ResourceLoaderHelper : Trying to load META-INF/validation.xml via TCCL 
2018:05:16 18:08:08.732 DEBUG --- [restartedMain] o.h.v.i.xml.ResourceLoaderHelper : Trying to load META-INF/validation.xml via Hibernate Validator's class loader 
2018:05:16 18:08:08.733 DEBUG --- [restartedMain] o.h.v.i.xml.ValidationXmlParser : No META-INF/validation.xml found. Using annotation based configuration only. 
2018:05:16 18:08:08.736 DEBUG --- [restartedMain] o.h.v.i.engine.ValidatorFactoryImpl : HV000234: Using org.springframework.validation.beanvalidation.LocaleContextMessageInterpolator as ValidatorFactory-scoped message interpolator. 
2018:05:16 18:08:08.736 DEBUG --- [restartedMain] o.h.v.i.engine.ValidatorFactoryImpl : HV000234: Using org.hibernate.validator.internal.engine.resolver.TraverseAllTraversableResolver as ValidatorFactory-scoped traversable resolver. 
2018:05:16 18:08:08.736 DEBUG --- [restartedMain] o.h.v.i.engine.ValidatorFactoryImpl : HV000234: Using org.hibernate.validator.internal.util.ExecutableParameterNameProvider as ValidatorFactory-scoped parameter name provider. 
2018:05:16 18:08:08.737 DEBUG --- [restartedMain] o.h.v.i.engine.ValidatorFactoryImpl : HV000234: Using org.hibernate.validator.internal.engine.DefaultClockProvider as ValidatorFactory-scoped clock provider. 
2018:05:16 18:08:08.737 DEBUG --- [restartedMain] o.h.v.i.engine.ValidatorFactoryImpl : HV000234: Using org.hibernate.validator.internal.engine.scripting.DefaultScriptEvaluatorFactory as ValidatorFactory-scoped script evaluator factory. 
2018:05:16 18:09:00.095 DEBUG --- [restartedMain] o.h.v.i.e.r.TraversableResolvers : Cannot find javax.persistence.Persistence on classpath. Assuming non JPA 2 environment. All properties will per default be traversable. 
2018:05:16 18:09:00.098 DEBUG --- [restartedMain] o.h.v.m.ResourceBundleMessageInterpolator : Loaded expression factory via original TCCL 
2018:05:16 18:09:00.103 DEBUG --- [restartedMain] o.h.v.i.e.r.TraversableResolvers : Cannot find javax.persistence.Persistence on classpath. Assuming non JPA 2 environment. All properties will per default be traversable. 
2018:05:16 18:09:00.104 DEBUG --- [restartedMain] o.h.v.i.engine.ConfigurationImpl : Setting custom MessageInterpolator of type org.springframework.validation.beanvalidation.LocaleContextMessageInterpolator 
2018:05:16 18:09:00.105 DEBUG --- [restartedMain] o.h.v.i.engine.ConfigurationImpl : Setting custom ConstraintValidatorFactory of type org.springframework.validation.beanvalidation.SpringConstraintValidatorFactory 
2018:05:16 18:09:00.105 DEBUG --- [restartedMain] o.h.v.i.engine.ConfigurationImpl : Setting custom ParameterNameProvider of type org.springframework.validation.beanvalidation.LocalValidatorFactoryBean$1 
2018:05:16 18:09:00.107 DEBUG --- [restartedMain] o.h.v.i.xml.ValidationXmlParser : Trying to load META-INF/validation.xml for XML based Validator configuration. 
2018:05:16 18:09:00.107 DEBUG --- [restartedMain] o.h.v.i.xml.ResourceLoaderHelper : Trying to load META-INF/validation.xml via user class loader 
2018:05:16 18:09:00.109 DEBUG --- [restartedMain] o.h.v.i.xml.ResourceLoaderHelper : Trying to load META-INF/validation.xml via TCCL 
2018:05:16 18:09:00.110 DEBUG --- [restartedMain] o.h.v.i.xml.ResourceLoaderHelper : Trying to load META-INF/validation.xml via Hibernate Validator's class loader 
2018:05:16 18:09:00.111 DEBUG --- [restartedMain] o.h.v.i.xml.ValidationXmlParser : No META-INF/validation.xml found. Using annotation based configuration only. 
2018:05:16 18:09:00.115 DEBUG --- [restartedMain] o.h.v.i.engine.ValidatorFactoryImpl : HV000234: Using org.springframework.validation.beanvalidation.LocaleContextMessageInterpolator as ValidatorFactory-scoped message interpolator. 
2018:05:16 18:09:00.116 DEBUG --- [restartedMain] o.h.v.i.engine.ValidatorFactoryImpl : HV000234: Using org.hibernate.validator.internal.engine.resolver.TraverseAllTraversableResolver as ValidatorFactory-scoped traversable resolver. 
2018:05:16 18:09:00.117 DEBUG --- [restartedMain] o.h.v.i.engine.ValidatorFactoryImpl : HV000234: Using org.hibernate.validator.internal.util.ExecutableParameterNameProvider as ValidatorFactory-scoped parameter name provider. 
2018:05:16 18:09:00.117 DEBUG --- [restartedMain] o.h.v.i.engine.ValidatorFactoryImpl : HV000234: Using org.hibernate.validator.internal.engine.DefaultClockProvider as ValidatorFactory-scoped clock provider. 
2018:05:16 18:09:00.117 DEBUG --- [restartedMain] o.h.v.i.engine.ValidatorFactoryImpl : HV000234: Using org.hibernate.validator.internal.engine.scripting.DefaultScriptEvaluatorFactory as ValidatorFactory-scoped script evaluator factory. 
2018:05:16 18:09:17.406 DEBUG --- [restartedMain] o.h.v.i.e.r.TraversableResolvers : Cannot find javax.persistence.Persistence on classpath. Assuming non JPA 2 environment. All properties will per default be traversable. 
2018:05:16 18:09:17.409 DEBUG --- [restartedMain] o.h.v.m.ResourceBundleMessageInterpolator : Loaded expression factory via original TCCL 
2018:05:16 18:09:17.413 DEBUG --- [restartedMain] o.h.v.i.e.r.TraversableResolvers : Cannot find javax.persistence.Persistence on classpath. Assuming non JPA 2 environment. All properties will per default be traversable. 
2018:05:16 18:09:17.414 DEBUG --- [restartedMain] o.h.v.i.engine.ConfigurationImpl : Setting custom MessageInterpolator of type org.springframework.validation.beanvalidation.LocaleContextMessageInterpolator 
2018:05:16 18:09:17.415 DEBUG --- [restartedMain] o.h.v.i.engine.ConfigurationImpl : Setting custom ConstraintValidatorFactory of type org.springframework.validation.beanvalidation.SpringConstraintValidatorFactory 
2018:05:16 18:09:17.415 DEBUG --- [restartedMain] o.h.v.i.engine.ConfigurationImpl : Setting custom ParameterNameProvider of type org.springframework.validation.beanvalidation.LocalValidatorFactoryBean$1 
2018:05:16 18:09:17.417 DEBUG --- [restartedMain] o.h.v.i.xml.ValidationXmlParser : Trying to load META-INF/validation.xml for XML based Validator configuration. 
2018:05:16 18:09:17.417 DEBUG --- [restartedMain] o.h.v.i.xml.ResourceLoaderHelper : Trying to load META-INF/validation.xml via user class loader 
2018:05:16 18:09:17.418 DEBUG --- [restartedMain] o.h.v.i.xml.ResourceLoaderHelper : Trying to load META-INF/validation.xml via TCCL 
2018:05:16 18:09:17.419 DEBUG --- [restartedMain] o.h.v.i.xml.ResourceLoaderHelper : Trying to load META-INF/validation.xml via Hibernate Validator's class loader 
2018:05:16 18:09:17.419 DEBUG --- [restartedMain] o.h.v.i.xml.ValidationXmlParser : No META-INF/validation.xml found. Using annotation based configuration only. 
2018:05:16 18:09:17.423 DEBUG --- [restartedMain] o.h.v.i.engine.ValidatorFactoryImpl : HV000234: Using org.springframework.validation.beanvalidation.LocaleContextMessageInterpolator as ValidatorFactory-scoped message interpolator. 
2018:05:16 18:09:17.424 DEBUG --- [restartedMain] o.h.v.i.engine.ValidatorFactoryImpl : HV000234: Using org.hibernate.validator.internal.engine.resolver.TraverseAllTraversableResolver as ValidatorFactory-scoped traversable resolver. 
2018:05:16 18:09:17.425 DEBUG --- [restartedMain] o.h.v.i.engine.ValidatorFactoryImpl : HV000234: Using org.hibernate.validator.internal.util.ExecutableParameterNameProvider as ValidatorFactory-scoped parameter name provider. 
2018:05:16 18:09:17.425 DEBUG --- [restartedMain] o.h.v.i.engine.ValidatorFactoryImpl : HV000234: Using org.hibernate.validator.internal.engine.DefaultClockProvider as ValidatorFactory-scoped clock provider. 
2018:05:16 18:09:17.426 DEBUG --- [restartedMain] o.h.v.i.engine.ValidatorFactoryImpl : HV000234: Using org.hibernate.validator.internal.engine.scripting.DefaultScriptEvaluatorFactory as ValidatorFactory-scoped script evaluator factory. 
2018:05:16 18:09:57.552 DEBUG --- [restartedMain] o.h.v.i.e.r.TraversableResolvers : Cannot find javax.persistence.Persistence on classpath. Assuming non JPA 2 environment. All properties will per default be traversable. 
2018:05:16 18:09:57.556 DEBUG --- [restartedMain] o.h.v.m.ResourceBundleMessageInterpolator : Loaded expression factory via original TCCL 
2018:05:16 18:09:57.560 DEBUG --- [restartedMain] o.h.v.i.e.r.TraversableResolvers : Cannot find javax.persistence.Persistence on classpath. Assuming non JPA 2 environment. All properties will per default be traversable. 
2018:05:16 18:09:57.561 DEBUG --- [restartedMain] o.h.v.i.engine.ConfigurationImpl : Setting custom MessageInterpolator of type org.springframework.validation.beanvalidation.LocaleContextMessageInterpolator 
2018:05:16 18:09:57.562 DEBUG --- [restartedMain] o.h.v.i.engine.ConfigurationImpl : Setting custom ConstraintValidatorFactory of type org.springframework.validation.beanvalidation.SpringConstraintValidatorFactory 
2018:05:16 18:09:57.563 DEBUG --- [restartedMain] o.h.v.i.engine.ConfigurationImpl : Setting custom ParameterNameProvider of type org.springframework.validation.beanvalidation.LocalValidatorFactoryBean$1 
2018:05:16 18:09:57.564 DEBUG --- [restartedMain] o.h.v.i.xml.ValidationXmlParser : Trying to load META-INF/validation.xml for XML based Validator configuration. 
2018:05:16 18:09:57.565 DEBUG --- [restartedMain] o.h.v.i.xml.ResourceLoaderHelper : Trying to load META-INF/validation.xml via user class loader 
2018:05:16 18:09:57.566 DEBUG --- [restartedMain] o.h.v.i.xml.ResourceLoaderHelper : Trying to load META-INF/validation.xml via TCCL 
2018:05:16 18:09:57.566 DEBUG --- [restartedMain] o.h.v.i.xml.ResourceLoaderHelper : Trying to load META-INF/validation.xml via Hibernate Validator's class loader 
2018:05:16 18:09:57.567 DEBUG --- [restartedMain] o.h.v.i.xml.ValidationXmlParser : No META-INF/validation.xml found. Using annotation based configuration only. 
2018:05:16 18:09:57.569 DEBUG --- [restartedMain] o.h.v.i.engine.ValidatorFactoryImpl : HV000234: Using org.springframework.validation.beanvalidation.LocaleContextMessageInterpolator as ValidatorFactory-scoped message interpolator. 
2018:05:16 18:09:57.570 DEBUG --- [restartedMain] o.h.v.i.engine.ValidatorFactoryImpl : HV000234: Using org.hibernate.validator.internal.engine.resolver.TraverseAllTraversableResolver as ValidatorFactory-scoped traversable resolver. 
2018:05:16 18:09:57.570 DEBUG --- [restartedMain] o.h.v.i.engine.ValidatorFactoryImpl : HV000234: Using org.hibernate.validator.internal.util.ExecutableParameterNameProvider as ValidatorFactory-scoped parameter name provider. 
2018:05:16 18:09:57.571 DEBUG --- [restartedMain] o.h.v.i.engine.ValidatorFactoryImpl : HV000234: Using org.hibernate.validator.internal.engine.DefaultClockProvider as ValidatorFactory-scoped clock provider. 
2018:05:16 18:09:57.571 DEBUG --- [restartedMain] o.h.v.i.engine.ValidatorFactoryImpl : HV000234: Using org.hibernate.validator.internal.engine.scripting.DefaultScriptEvaluatorFactory as ValidatorFactory-scoped script evaluator factory. 
2018:05:16 18:12:55.666 DEBUG --- [restartedMain] o.h.v.i.e.r.TraversableResolvers : Cannot find javax.persistence.Persistence on classpath. Assuming non JPA 2 environment. All properties will per default be traversable. 
2018:05:16 18:12:55.670 DEBUG --- [restartedMain] o.h.v.m.ResourceBundleMessageInterpolator : Loaded expression factory via original TCCL 
2018:05:16 18:12:55.684 DEBUG --- [restartedMain] o.h.v.i.e.r.TraversableResolvers : Cannot find javax.persistence.Persistence on classpath. Assuming non JPA 2 environment. All properties will per default be traversable. 
2018:05:16 18:12:55.685 DEBUG --- [restartedMain] o.h.v.i.engine.ConfigurationImpl : Setting custom MessageInterpolator of type org.springframework.validation.beanvalidation.LocaleContextMessageInterpolator 
2018:05:16 18:12:55.686 DEBUG --- [restartedMain] o.h.v.i.engine.ConfigurationImpl : Setting custom ConstraintValidatorFactory of type org.springframework.validation.beanvalidation.SpringConstraintValidatorFactory 
2018:05:16 18:12:55.687 DEBUG --- [restartedMain] o.h.v.i.engine.ConfigurationImpl : Setting custom ParameterNameProvider of type org.springframework.validation.beanvalidation.LocalValidatorFactoryBean$1 
2018:05:16 18:12:55.689 DEBUG --- [restartedMain] o.h.v.i.xml.ValidationXmlParser : Trying to load META-INF/validation.xml for XML based Validator configuration. 
2018:05:16 18:12:55.689 DEBUG --- [restartedMain] o.h.v.i.xml.ResourceLoaderHelper : Trying to load META-INF/validation.xml via user class loader 
2018:05:16 18:12:55.690 DEBUG --- [restartedMain] o.h.v.i.xml.ResourceLoaderHelper : Trying to load META-INF/validation.xml via TCCL 
2018:05:16 18:12:55.690 DEBUG --- [restartedMain] o.h.v.i.xml.ResourceLoaderHelper : Trying to load META-INF/validation.xml via Hibernate Validator's class loader 
2018:05:16 18:12:55.690 DEBUG --- [restartedMain] o.h.v.i.xml.ValidationXmlParser : No META-INF/validation.xml found. Using annotation based configuration only. 
2018:05:16 18:12:55.693 DEBUG --- [restartedMain] o.h.v.i.engine.ValidatorFactoryImpl : HV000234: Using org.springframework.validation.beanvalidation.LocaleContextMessageInterpolator as ValidatorFactory-scoped message interpolator. 
2018:05:16 18:12:55.694 DEBUG --- [restartedMain] o.h.v.i.engine.ValidatorFactoryImpl : HV000234: Using org.hibernate.validator.internal.engine.resolver.TraverseAllTraversableResolver as ValidatorFactory-scoped traversable resolver. 
2018:05:16 18:12:55.694 DEBUG --- [restartedMain] o.h.v.i.engine.ValidatorFactoryImpl : HV000234: Using org.hibernate.validator.internal.util.ExecutableParameterNameProvider as ValidatorFactory-scoped parameter name provider. 
2018:05:16 18:12:55.694 DEBUG --- [restartedMain] o.h.v.i.engine.ValidatorFactoryImpl : HV000234: Using org.hibernate.validator.internal.engine.DefaultClockProvider as ValidatorFactory-scoped clock provider. 
2018:05:16 18:12:55.695 DEBUG --- [restartedMain] o.h.v.i.engine.ValidatorFactoryImpl : HV000234: Using org.hibernate.validator.internal.engine.scripting.DefaultScriptEvaluatorFactory as ValidatorFactory-scoped script evaluator factory. 
2018:05:16 18:13:30.414 DEBUG --- [restartedMain] o.h.v.i.e.r.TraversableResolvers : Cannot find javax.persistence.Persistence on classpath. Assuming non JPA 2 environment. All properties will per default be traversable. 
2018:05:16 18:13:30.417 DEBUG --- [restartedMain] o.h.v.m.ResourceBundleMessageInterpolator : Loaded expression factory via original TCCL 
2018:05:16 18:13:30.421 DEBUG --- [restartedMain] o.h.v.i.e.r.TraversableResolvers : Cannot find javax.persistence.Persistence on classpath. Assuming non JPA 2 environment. All properties will per default be traversable. 
2018:05:16 18:13:30.422 DEBUG --- [restartedMain] o.h.v.i.engine.ConfigurationImpl : Setting custom MessageInterpolator of type org.springframework.validation.beanvalidation.LocaleContextMessageInterpolator 
2018:05:16 18:13:30.423 DEBUG --- [restartedMain] o.h.v.i.engine.ConfigurationImpl : Setting custom ConstraintValidatorFactory of type org.springframework.validation.beanvalidation.SpringConstraintValidatorFactory 
2018:05:16 18:13:30.428 DEBUG --- [restartedMain] o.h.v.i.engine.ConfigurationImpl : Setting custom ParameterNameProvider of type org.springframework.validation.beanvalidation.LocalValidatorFactoryBean$1 
2018:05:16 18:13:30.429 DEBUG --- [restartedMain] o.h.v.i.xml.ValidationXmlParser : Trying to load META-INF/validation.xml for XML based Validator configuration. 
2018:05:16 18:13:30.430 DEBUG --- [restartedMain] o.h.v.i.xml.ResourceLoaderHelper : Trying to load META-INF/validation.xml via user class loader 
2018:05:16 18:13:30.431 DEBUG --- [restartedMain] o.h.v.i.xml.ResourceLoaderHelper : Trying to load META-INF/validation.xml via TCCL 
2018:05:16 18:13:30.432 DEBUG --- [restartedMain] o.h.v.i.xml.ResourceLoaderHelper : Trying to load META-INF/validation.xml via Hibernate Validator's class loader 
2018:05:16 18:13:30.432 DEBUG --- [restartedMain] o.h.v.i.xml.ValidationXmlParser : No META-INF/validation.xml found. Using annotation based configuration only. 
2018:05:16 18:13:30.435 DEBUG --- [restartedMain] o.h.v.i.engine.ValidatorFactoryImpl : HV000234: Using org.springframework.validation.beanvalidation.LocaleContextMessageInterpolator as ValidatorFactory-scoped message interpolator. 
2018:05:16 18:13:30.436 DEBUG --- [restartedMain] o.h.v.i.engine.ValidatorFactoryImpl : HV000234: Using org.hibernate.validator.internal.engine.resolver.TraverseAllTraversableResolver as ValidatorFactory-scoped traversable resolver. 
2018:05:16 18:13:30.436 DEBUG --- [restartedMain] o.h.v.i.engine.ValidatorFactoryImpl : HV000234: Using org.hibernate.validator.internal.util.ExecutableParameterNameProvider as ValidatorFactory-scoped parameter name provider. 
2018:05:16 18:13:30.437 DEBUG --- [restartedMain] o.h.v.i.engine.ValidatorFactoryImpl : HV000234: Using org.hibernate.validator.internal.engine.DefaultClockProvider as ValidatorFactory-scoped clock provider. 
2018:05:16 18:13:30.438 DEBUG --- [restartedMain] o.h.v.i.engine.ValidatorFactoryImpl : HV000234: Using org.hibernate.validator.internal.engine.scripting.DefaultScriptEvaluatorFactory as ValidatorFactory-scoped script evaluator factory. 
