2018:05:17 10:23:13.236 DEBUG --- [restartedMain] o.h.v.i.e.r.TraversableResolvers : Cannot find javax.persistence.Persistence on classpath. Assuming non JPA 2 environment. All properties will per default be traversable. 
2018:05:17 10:23:13.260 DEBUG --- [restartedMain] o.h.v.m.ResourceBundleMessageInterpolator : Loaded expression factory via original TCCL 
2018:05:17 10:23:13.265 DEBUG --- [restartedMain] o.h.v.i.e.r.TraversableResolvers : Cannot find javax.persistence.Persistence on classpath. Assuming non JPA 2 environment. All properties will per default be traversable. 
2018:05:17 10:23:13.266 DEBUG --- [restartedMain] o.h.v.i.engine.ConfigurationImpl : Setting custom MessageInterpolator of type org.springframework.validation.beanvalidation.LocaleContextMessageInterpolator 
2018:05:17 10:23:13.268 DEBUG --- [restartedMain] o.h.v.i.engine.ConfigurationImpl : Setting custom ConstraintValidatorFactory of type org.springframework.validation.beanvalidation.SpringConstraintValidatorFactory 
2018:05:17 10:23:13.269 DEBUG --- [restartedMain] o.h.v.i.engine.ConfigurationImpl : Setting custom ParameterNameProvider of type org.springframework.validation.beanvalidation.LocalValidatorFactoryBean$1 
2018:05:17 10:23:13.271 DEBUG --- [restartedMain] o.h.v.i.xml.ValidationXmlParser : Trying to load META-INF/validation.xml for XML based Validator configuration. 
2018:05:17 10:23:13.271 DEBUG --- [restartedMain] o.h.v.i.xml.ResourceLoaderHelper : Trying to load META-INF/validation.xml via user class loader 
2018:05:17 10:23:13.272 DEBUG --- [restartedMain] o.h.v.i.xml.ResourceLoaderHelper : Trying to load META-INF/validation.xml via TCCL 
2018:05:17 10:23:13.273 DEBUG --- [restartedMain] o.h.v.i.xml.ResourceLoaderHelper : Trying to load META-INF/validation.xml via Hibernate Validator's class loader 
2018:05:17 10:23:13.274 DEBUG --- [restartedMain] o.h.v.i.xml.ValidationXmlParser : No META-INF/validation.xml found. Using annotation based configuration only. 
2018:05:17 10:23:13.276 DEBUG --- [restartedMain] o.h.v.i.engine.ValidatorFactoryImpl : HV000234: Using org.springframework.validation.beanvalidation.LocaleContextMessageInterpolator as ValidatorFactory-scoped message interpolator. 
2018:05:17 10:23:13.277 DEBUG --- [restartedMain] o.h.v.i.engine.ValidatorFactoryImpl : HV000234: Using org.hibernate.validator.internal.engine.resolver.TraverseAllTraversableResolver as ValidatorFactory-scoped traversable resolver. 
2018:05:17 10:23:13.277 DEBUG --- [restartedMain] o.h.v.i.engine.ValidatorFactoryImpl : HV000234: Using org.hibernate.validator.internal.util.ExecutableParameterNameProvider as ValidatorFactory-scoped parameter name provider. 
2018:05:17 10:23:13.278 DEBUG --- [restartedMain] o.h.v.i.engine.ValidatorFactoryImpl : HV000234: Using org.hibernate.validator.internal.engine.DefaultClockProvider as ValidatorFactory-scoped clock provider. 
2018:05:17 10:23:13.278 DEBUG --- [restartedMain] o.h.v.i.engine.ValidatorFactoryImpl : HV000234: Using org.hibernate.validator.internal.engine.scripting.DefaultScriptEvaluatorFactory as ValidatorFactory-scoped script evaluator factory. 
2018-05-17 10:31:13.533 DEBUG 67932 --- [restartedMain] o.h.v.i.e.resolver.TraversableResolvers  : Cannot find javax.persistence.Persistence on classpath. Assuming non JPA 2 environment. All properties will per default be traversable.
2018:05:17 10:31:13.533 DEBUG --- [restartedMain] o.h.v.i.e.r.TraversableResolvers : Cannot find javax.persistence.Persistence on classpath. Assuming non JPA 2 environment. All properties will per default be traversable. 
2018-05-17 10:31:13.536 DEBUG 67932 --- [restartedMain] .h.v.m.ResourceBundleMessageInterpolator : Loaded expression factory via original TCCL
2018:05:17 10:31:13.536 DEBUG --- [restartedMain] o.h.v.m.ResourceBundleMessageInterpolator : Loaded expression factory via original TCCL 
2018-05-17 10:31:13.540 DEBUG 67932 --- [restartedMain] o.h.v.i.e.resolver.TraversableResolvers  : Cannot find javax.persistence.Persistence on classpath. Assuming non JPA 2 environment. All properties will per default be traversable.
2018:05:17 10:31:13.540 DEBUG --- [restartedMain] o.h.v.i.e.r.TraversableResolvers : Cannot find javax.persistence.Persistence on classpath. Assuming non JPA 2 environment. All properties will per default be traversable. 
2018-05-17 10:31:13.542 DEBUG 67932 --- [restartedMain] o.h.v.internal.engine.ConfigurationImpl  : Setting custom MessageInterpolator of type org.springframework.validation.beanvalidation.LocaleContextMessageInterpolator
2018:05:17 10:31:13.542 DEBUG --- [restartedMain] o.h.v.i.engine.ConfigurationImpl : Setting custom MessageInterpolator of type org.springframework.validation.beanvalidation.LocaleContextMessageInterpolator 
2018-05-17 10:31:13.542 DEBUG 67932 --- [restartedMain] o.h.v.internal.engine.ConfigurationImpl  : Setting custom ConstraintValidatorFactory of type org.springframework.validation.beanvalidation.SpringConstraintValidatorFactory
2018:05:17 10:31:13.542 DEBUG --- [restartedMain] o.h.v.i.engine.ConfigurationImpl : Setting custom ConstraintValidatorFactory of type org.springframework.validation.beanvalidation.SpringConstraintValidatorFactory 
2018-05-17 10:31:13.543 DEBUG 67932 --- [restartedMain] o.h.v.internal.engine.ConfigurationImpl  : Setting custom ParameterNameProvider of type org.springframework.validation.beanvalidation.LocalValidatorFactoryBean$1
2018:05:17 10:31:13.543 DEBUG --- [restartedMain] o.h.v.i.engine.ConfigurationImpl : Setting custom ParameterNameProvider of type org.springframework.validation.beanvalidation.LocalValidatorFactoryBean$1 
2018-05-17 10:31:13.544 DEBUG 67932 --- [restartedMain] o.h.v.internal.xml.ValidationXmlParser   : Trying to load META-INF/validation.xml for XML based Validator configuration.
2018:05:17 10:31:13.544 DEBUG --- [restartedMain] o.h.v.i.xml.ValidationXmlParser : Trying to load META-INF/validation.xml for XML based Validator configuration. 
2018-05-17 10:31:13.544 DEBUG 67932 --- [restartedMain] o.h.v.internal.xml.ResourceLoaderHelper  : Trying to load META-INF/validation.xml via user class loader
2018:05:17 10:31:13.544 DEBUG --- [restartedMain] o.h.v.i.xml.ResourceLoaderHelper : Trying to load META-INF/validation.xml via user class loader 
2018-05-17 10:31:13.545 DEBUG 67932 --- [restartedMain] o.h.v.internal.xml.ResourceLoaderHelper  : Trying to load META-INF/validation.xml via TCCL
2018:05:17 10:31:13.545 DEBUG --- [restartedMain] o.h.v.i.xml.ResourceLoaderHelper : Trying to load META-INF/validation.xml via TCCL 
2018-05-17 10:31:13.546 DEBUG 67932 --- [restartedMain] o.h.v.internal.xml.ResourceLoaderHelper  : Trying to load META-INF/validation.xml via Hibernate Validator's class loader
2018:05:17 10:31:13.546 DEBUG --- [restartedMain] o.h.v.i.xml.ResourceLoaderHelper : Trying to load META-INF/validation.xml via Hibernate Validator's class loader 
2018-05-17 10:31:13.546 DEBUG 67932 --- [restartedMain] o.h.v.internal.xml.ValidationXmlParser   : No META-INF/validation.xml found. Using annotation based configuration only.
2018:05:17 10:31:13.546 DEBUG --- [restartedMain] o.h.v.i.xml.ValidationXmlParser : No META-INF/validation.xml found. Using annotation based configuration only. 
2018-05-17 10:31:13.550 DEBUG 67932 --- [restartedMain] o.h.v.i.engine.ValidatorFactoryImpl      : HV000234: Using org.springframework.validation.beanvalidation.LocaleContextMessageInterpolator as ValidatorFactory-scoped message interpolator.
2018:05:17 10:31:13.550 DEBUG --- [restartedMain] o.h.v.i.engine.ValidatorFactoryImpl : HV000234: Using org.springframework.validation.beanvalidation.LocaleContextMessageInterpolator as ValidatorFactory-scoped message interpolator. 
2018-05-17 10:31:13.550 DEBUG 67932 --- [restartedMain] o.h.v.i.engine.ValidatorFactoryImpl      : HV000234: Using org.hibernate.validator.internal.engine.resolver.TraverseAllTraversableResolver as ValidatorFactory-scoped traversable resolver.
2018:05:17 10:31:13.550 DEBUG --- [restartedMain] o.h.v.i.engine.ValidatorFactoryImpl : HV000234: Using org.hibernate.validator.internal.engine.resolver.TraverseAllTraversableResolver as ValidatorFactory-scoped traversable resolver. 
2018-05-17 10:31:13.551 DEBUG 67932 --- [restartedMain] o.h.v.i.engine.ValidatorFactoryImpl      : HV000234: Using org.hibernate.validator.internal.util.ExecutableParameterNameProvider as ValidatorFactory-scoped parameter name provider.
2018:05:17 10:31:13.551 DEBUG --- [restartedMain] o.h.v.i.engine.ValidatorFactoryImpl : HV000234: Using org.hibernate.validator.internal.util.ExecutableParameterNameProvider as ValidatorFactory-scoped parameter name provider. 
2018-05-17 10:31:13.551 DEBUG 67932 --- [restartedMain] o.h.v.i.engine.ValidatorFactoryImpl      : HV000234: Using org.hibernate.validator.internal.engine.DefaultClockProvider as ValidatorFactory-scoped clock provider.
2018:05:17 10:31:13.551 DEBUG --- [restartedMain] o.h.v.i.engine.ValidatorFactoryImpl : HV000234: Using org.hibernate.validator.internal.engine.DefaultClockProvider as ValidatorFactory-scoped clock provider. 
2018-05-17 10:31:13.551 DEBUG 67932 --- [restartedMain] o.h.v.i.engine.ValidatorFactoryImpl      : HV000234: Using org.hibernate.validator.internal.engine.scripting.DefaultScriptEvaluatorFactory as ValidatorFactory-scoped script evaluator factory.
2018:05:17 10:31:13.551 DEBUG --- [restartedMain] o.h.v.i.engine.ValidatorFactoryImpl : HV000234: Using org.hibernate.validator.internal.engine.scripting.DefaultScriptEvaluatorFactory as ValidatorFactory-scoped script evaluator factory. 
2018-05-17 10:31:36.893 DEBUG 65124 --- [restartedMain] o.h.v.i.e.resolver.TraversableResolvers  : Cannot find javax.persistence.Persistence on classpath. Assuming non JPA 2 environment. All properties will per default be traversable.
2018:05:17 10:31:36.893 DEBUG --- [restartedMain] o.h.v.i.e.r.TraversableResolvers : Cannot find javax.persistence.Persistence on classpath. Assuming non JPA 2 environment. All properties will per default be traversable. 
2018-05-17 10:31:36.896 DEBUG 65124 --- [restartedMain] .h.v.m.ResourceBundleMessageInterpolator : Loaded expression factory via original TCCL
2018:05:17 10:31:36.896 DEBUG --- [restartedMain] o.h.v.m.ResourceBundleMessageInterpolator : Loaded expression factory via original TCCL 
2018-05-17 10:31:36.901 DEBUG 65124 --- [restartedMain] o.h.v.i.e.resolver.TraversableResolvers  : Cannot find javax.persistence.Persistence on classpath. Assuming non JPA 2 environment. All properties will per default be traversable.
2018:05:17 10:31:36.901 DEBUG --- [restartedMain] o.h.v.i.e.r.TraversableResolvers : Cannot find javax.persistence.Persistence on classpath. Assuming non JPA 2 environment. All properties will per default be traversable. 
2018-05-17 10:31:36.902 DEBUG 65124 --- [restartedMain] o.h.v.internal.engine.ConfigurationImpl  : Setting custom MessageInterpolator of type org.springframework.validation.beanvalidation.LocaleContextMessageInterpolator
2018:05:17 10:31:36.902 DEBUG --- [restartedMain] o.h.v.i.engine.ConfigurationImpl : Setting custom MessageInterpolator of type org.springframework.validation.beanvalidation.LocaleContextMessageInterpolator 
2018-05-17 10:31:36.903 DEBUG 65124 --- [restartedMain] o.h.v.internal.engine.ConfigurationImpl  : Setting custom ConstraintValidatorFactory of type org.springframework.validation.beanvalidation.SpringConstraintValidatorFactory
2018:05:17 10:31:36.903 DEBUG --- [restartedMain] o.h.v.i.engine.ConfigurationImpl : Setting custom ConstraintValidatorFactory of type org.springframework.validation.beanvalidation.SpringConstraintValidatorFactory 
2018-05-17 10:31:36.904 DEBUG 65124 --- [restartedMain] o.h.v.internal.engine.ConfigurationImpl  : Setting custom ParameterNameProvider of type org.springframework.validation.beanvalidation.LocalValidatorFactoryBean$1
2018:05:17 10:31:36.904 DEBUG --- [restartedMain] o.h.v.i.engine.ConfigurationImpl : Setting custom ParameterNameProvider of type org.springframework.validation.beanvalidation.LocalValidatorFactoryBean$1 
2018-05-17 10:31:36.905 DEBUG 65124 --- [restartedMain] o.h.v.internal.xml.ValidationXmlParser   : Trying to load META-INF/validation.xml for XML based Validator configuration.
2018:05:17 10:31:36.905 DEBUG --- [restartedMain] o.h.v.i.xml.ValidationXmlParser : Trying to load META-INF/validation.xml for XML based Validator configuration. 
2018-05-17 10:31:36.906 DEBUG 65124 --- [restartedMain] o.h.v.internal.xml.ResourceLoaderHelper  : Trying to load META-INF/validation.xml via user class loader
2018:05:17 10:31:36.906 DEBUG --- [restartedMain] o.h.v.i.xml.ResourceLoaderHelper : Trying to load META-INF/validation.xml via user class loader 
2018-05-17 10:31:36.906 DEBUG 65124 --- [restartedMain] o.h.v.internal.xml.ResourceLoaderHelper  : Trying to load META-INF/validation.xml via TCCL
2018:05:17 10:31:36.906 DEBUG --- [restartedMain] o.h.v.i.xml.ResourceLoaderHelper : Trying to load META-INF/validation.xml via TCCL 
2018-05-17 10:31:36.907 DEBUG 65124 --- [restartedMain] o.h.v.internal.xml.ResourceLoaderHelper  : Trying to load META-INF/validation.xml via Hibernate Validator's class loader
2018:05:17 10:31:36.907 DEBUG --- [restartedMain] o.h.v.i.xml.ResourceLoaderHelper : Trying to load META-INF/validation.xml via Hibernate Validator's class loader 
2018-05-17 10:31:36.908 DEBUG 65124 --- [restartedMain] o.h.v.internal.xml.ValidationXmlParser   : No META-INF/validation.xml found. Using annotation based configuration only.
2018:05:17 10:31:36.908 DEBUG --- [restartedMain] o.h.v.i.xml.ValidationXmlParser : No META-INF/validation.xml found. Using annotation based configuration only. 
2018-05-17 10:31:36.911 DEBUG 65124 --- [restartedMain] o.h.v.i.engine.ValidatorFactoryImpl      : HV000234: Using org.springframework.validation.beanvalidation.LocaleContextMessageInterpolator as ValidatorFactory-scoped message interpolator.
2018:05:17 10:31:36.911 DEBUG --- [restartedMain] o.h.v.i.engine.ValidatorFactoryImpl : HV000234: Using org.springframework.validation.beanvalidation.LocaleContextMessageInterpolator as ValidatorFactory-scoped message interpolator. 
2018-05-17 10:31:36.912 DEBUG 65124 --- [restartedMain] o.h.v.i.engine.ValidatorFactoryImpl      : HV000234: Using org.hibernate.validator.internal.engine.resolver.TraverseAllTraversableResolver as ValidatorFactory-scoped traversable resolver.
2018:05:17 10:31:36.912 DEBUG --- [restartedMain] o.h.v.i.engine.ValidatorFactoryImpl : HV000234: Using org.hibernate.validator.internal.engine.resolver.TraverseAllTraversableResolver as ValidatorFactory-scoped traversable resolver. 
2018-05-17 10:31:36.912 DEBUG 65124 --- [restartedMain] o.h.v.i.engine.ValidatorFactoryImpl      : HV000234: Using org.hibernate.validator.internal.util.ExecutableParameterNameProvider as ValidatorFactory-scoped parameter name provider.
2018:05:17 10:31:36.912 DEBUG --- [restartedMain] o.h.v.i.engine.ValidatorFactoryImpl : HV000234: Using org.hibernate.validator.internal.util.ExecutableParameterNameProvider as ValidatorFactory-scoped parameter name provider. 
2018-05-17 10:31:36.912 DEBUG 65124 --- [restartedMain] o.h.v.i.engine.ValidatorFactoryImpl      : HV000234: Using org.hibernate.validator.internal.engine.DefaultClockProvider as ValidatorFactory-scoped clock provider.
2018:05:17 10:31:36.912 DEBUG --- [restartedMain] o.h.v.i.engine.ValidatorFactoryImpl : HV000234: Using org.hibernate.validator.internal.engine.DefaultClockProvider as ValidatorFactory-scoped clock provider. 
2018-05-17 10:31:36.913 DEBUG 65124 --- [restartedMain] o.h.v.i.engine.ValidatorFactoryImpl      : HV000234: Using org.hibernate.validator.internal.engine.scripting.DefaultScriptEvaluatorFactory as ValidatorFactory-scoped script evaluator factory.
2018:05:17 10:31:36.913 DEBUG --- [restartedMain] o.h.v.i.engine.ValidatorFactoryImpl : HV000234: Using org.hibernate.validator.internal.engine.scripting.DefaultScriptEvaluatorFactory as ValidatorFactory-scoped script evaluator factory. 
2018-05-17 10:32:31.392 DEBUG 54700 --- [restartedMain] o.h.v.i.e.resolver.TraversableResolvers  : Cannot find javax.persistence.Persistence on classpath. Assuming non JPA 2 environment. All properties will per default be traversable.
2018:05:17 10:32:31.392 DEBUG --- [restartedMain] o.h.v.i.e.r.TraversableResolvers : Cannot find javax.persistence.Persistence on classpath. Assuming non JPA 2 environment. All properties will per default be traversable. 
2018-05-17 10:32:31.395 DEBUG 54700 --- [restartedMain] .h.v.m.ResourceBundleMessageInterpolator : Loaded expression factory via original TCCL
2018:05:17 10:32:31.395 DEBUG --- [restartedMain] o.h.v.m.ResourceBundleMessageInterpolator : Loaded expression factory via original TCCL 
2018-05-17 10:32:31.400 DEBUG 54700 --- [restartedMain] o.h.v.i.e.resolver.TraversableResolvers  : Cannot find javax.persistence.Persistence on classpath. Assuming non JPA 2 environment. All properties will per default be traversable.
2018:05:17 10:32:31.400 DEBUG --- [restartedMain] o.h.v.i.e.r.TraversableResolvers : Cannot find javax.persistence.Persistence on classpath. Assuming non JPA 2 environment. All properties will per default be traversable. 
2018-05-17 10:32:31.401 DEBUG 54700 --- [restartedMain] o.h.v.internal.engine.ConfigurationImpl  : Setting custom MessageInterpolator of type org.springframework.validation.beanvalidation.LocaleContextMessageInterpolator
2018:05:17 10:32:31.401 DEBUG --- [restartedMain] o.h.v.i.engine.ConfigurationImpl : Setting custom MessageInterpolator of type org.springframework.validation.beanvalidation.LocaleContextMessageInterpolator 
2018-05-17 10:32:31.402 DEBUG 54700 --- [restartedMain] o.h.v.internal.engine.ConfigurationImpl  : Setting custom ConstraintValidatorFactory of type org.springframework.validation.beanvalidation.SpringConstraintValidatorFactory
2018:05:17 10:32:31.402 DEBUG --- [restartedMain] o.h.v.i.engine.ConfigurationImpl : Setting custom ConstraintValidatorFactory of type org.springframework.validation.beanvalidation.SpringConstraintValidatorFactory 
2018-05-17 10:32:31.403 DEBUG 54700 --- [restartedMain] o.h.v.internal.engine.ConfigurationImpl  : Setting custom ParameterNameProvider of type org.springframework.validation.beanvalidation.LocalValidatorFactoryBean$1
2018:05:17 10:32:31.403 DEBUG --- [restartedMain] o.h.v.i.engine.ConfigurationImpl : Setting custom ParameterNameProvider of type org.springframework.validation.beanvalidation.LocalValidatorFactoryBean$1 
2018-05-17 10:32:31.404 DEBUG 54700 --- [restartedMain] o.h.v.internal.xml.ValidationXmlParser   : Trying to load META-INF/validation.xml for XML based Validator configuration.
2018:05:17 10:32:31.404 DEBUG --- [restartedMain] o.h.v.i.xml.ValidationXmlParser : Trying to load META-INF/validation.xml for XML based Validator configuration. 
2018-05-17 10:32:31.405 DEBUG 54700 --- [restartedMain] o.h.v.internal.xml.ResourceLoaderHelper  : Trying to load META-INF/validation.xml via user class loader
2018:05:17 10:32:31.405 DEBUG --- [restartedMain] o.h.v.i.xml.ResourceLoaderHelper : Trying to load META-INF/validation.xml via user class loader 
2018-05-17 10:32:31.407 DEBUG 54700 --- [restartedMain] o.h.v.internal.xml.ResourceLoaderHelper  : Trying to load META-INF/validation.xml via TCCL
2018:05:17 10:32:31.407 DEBUG --- [restartedMain] o.h.v.i.xml.ResourceLoaderHelper : Trying to load META-INF/validation.xml via TCCL 
2018-05-17 10:32:31.407 DEBUG 54700 --- [restartedMain] o.h.v.internal.xml.ResourceLoaderHelper  : Trying to load META-INF/validation.xml via Hibernate Validator's class loader
2018:05:17 10:32:31.407 DEBUG --- [restartedMain] o.h.v.i.xml.ResourceLoaderHelper : Trying to load META-INF/validation.xml via Hibernate Validator's class loader 
2018-05-17 10:32:31.408 DEBUG 54700 --- [restartedMain] o.h.v.internal.xml.ValidationXmlParser   : No META-INF/validation.xml found. Using annotation based configuration only.
2018:05:17 10:32:31.408 DEBUG --- [restartedMain] o.h.v.i.xml.ValidationXmlParser : No META-INF/validation.xml found. Using annotation based configuration only. 
2018-05-17 10:32:31.411 DEBUG 54700 --- [restartedMain] o.h.v.i.engine.ValidatorFactoryImpl      : HV000234: Using org.springframework.validation.beanvalidation.LocaleContextMessageInterpolator as ValidatorFactory-scoped message interpolator.
2018:05:17 10:32:31.411 DEBUG --- [restartedMain] o.h.v.i.engine.ValidatorFactoryImpl : HV000234: Using org.springframework.validation.beanvalidation.LocaleContextMessageInterpolator as ValidatorFactory-scoped message interpolator. 
2018-05-17 10:32:31.412 DEBUG 54700 --- [restartedMain] o.h.v.i.engine.ValidatorFactoryImpl      : HV000234: Using org.hibernate.validator.internal.engine.resolver.TraverseAllTraversableResolver as ValidatorFactory-scoped traversable resolver.
2018:05:17 10:32:31.412 DEBUG --- [restartedMain] o.h.v.i.engine.ValidatorFactoryImpl : HV000234: Using org.hibernate.validator.internal.engine.resolver.TraverseAllTraversableResolver as ValidatorFactory-scoped traversable resolver. 
2018-05-17 10:32:31.413 DEBUG 54700 --- [restartedMain] o.h.v.i.engine.ValidatorFactoryImpl      : HV000234: Using org.hibernate.validator.internal.util.ExecutableParameterNameProvider as ValidatorFactory-scoped parameter name provider.
2018:05:17 10:32:31.413 DEBUG --- [restartedMain] o.h.v.i.engine.ValidatorFactoryImpl : HV000234: Using org.hibernate.validator.internal.util.ExecutableParameterNameProvider as ValidatorFactory-scoped parameter name provider. 
2018-05-17 10:32:31.413 DEBUG 54700 --- [restartedMain] o.h.v.i.engine.ValidatorFactoryImpl      : HV000234: Using org.hibernate.validator.internal.engine.DefaultClockProvider as ValidatorFactory-scoped clock provider.
2018:05:17 10:32:31.413 DEBUG --- [restartedMain] o.h.v.i.engine.ValidatorFactoryImpl : HV000234: Using org.hibernate.validator.internal.engine.DefaultClockProvider as ValidatorFactory-scoped clock provider. 
2018-05-17 10:32:31.413 DEBUG 54700 --- [restartedMain] o.h.v.i.engine.ValidatorFactoryImpl      : HV000234: Using org.hibernate.validator.internal.engine.scripting.DefaultScriptEvaluatorFactory as ValidatorFactory-scoped script evaluator factory.
2018:05:17 10:32:31.413 DEBUG --- [restartedMain] o.h.v.i.engine.ValidatorFactoryImpl : HV000234: Using org.hibernate.validator.internal.engine.scripting.DefaultScriptEvaluatorFactory as ValidatorFactory-scoped script evaluator factory. 
2018-05-17 10:32:59.603 DEBUG 26252 --- [restartedMain] o.h.v.i.e.resolver.TraversableResolvers  : Cannot find javax.persistence.Persistence on classpath. Assuming non JPA 2 environment. All properties will per default be traversable.
2018:05:17 10:32:59.603 DEBUG --- [restartedMain] o.h.v.i.e.r.TraversableResolvers : Cannot find javax.persistence.Persistence on classpath. Assuming non JPA 2 environment. All properties will per default be traversable. 
2018-05-17 10:32:59.606 DEBUG 26252 --- [restartedMain] .h.v.m.ResourceBundleMessageInterpolator : Loaded expression factory via original TCCL
2018:05:17 10:32:59.606 DEBUG --- [restartedMain] o.h.v.m.ResourceBundleMessageInterpolator : Loaded expression factory via original TCCL 
2018-05-17 10:32:59.611 DEBUG 26252 --- [restartedMain] o.h.v.i.e.resolver.TraversableResolvers  : Cannot find javax.persistence.Persistence on classpath. Assuming non JPA 2 environment. All properties will per default be traversable.
2018:05:17 10:32:59.611 DEBUG --- [restartedMain] o.h.v.i.e.r.TraversableResolvers : Cannot find javax.persistence.Persistence on classpath. Assuming non JPA 2 environment. All properties will per default be traversable. 
2018-05-17 10:32:59.612 DEBUG 26252 --- [restartedMain] o.h.v.internal.engine.ConfigurationImpl  : Setting custom MessageInterpolator of type org.springframework.validation.beanvalidation.LocaleContextMessageInterpolator
2018:05:17 10:32:59.612 DEBUG --- [restartedMain] o.h.v.i.engine.ConfigurationImpl : Setting custom MessageInterpolator of type org.springframework.validation.beanvalidation.LocaleContextMessageInterpolator 
2018-05-17 10:32:59.613 DEBUG 26252 --- [restartedMain] o.h.v.internal.engine.ConfigurationImpl  : Setting custom ConstraintValidatorFactory of type org.springframework.validation.beanvalidation.SpringConstraintValidatorFactory
2018:05:17 10:32:59.613 DEBUG --- [restartedMain] o.h.v.i.engine.ConfigurationImpl : Setting custom ConstraintValidatorFactory of type org.springframework.validation.beanvalidation.SpringConstraintValidatorFactory 
2018-05-17 10:32:59.613 DEBUG 26252 --- [restartedMain] o.h.v.internal.engine.ConfigurationImpl  : Setting custom ParameterNameProvider of type org.springframework.validation.beanvalidation.LocalValidatorFactoryBean$1
2018:05:17 10:32:59.613 DEBUG --- [restartedMain] o.h.v.i.engine.ConfigurationImpl : Setting custom ParameterNameProvider of type org.springframework.validation.beanvalidation.LocalValidatorFactoryBean$1 
2018-05-17 10:32:59.614 DEBUG 26252 --- [restartedMain] o.h.v.internal.xml.ValidationXmlParser   : Trying to load META-INF/validation.xml for XML based Validator configuration.
2018:05:17 10:32:59.614 DEBUG --- [restartedMain] o.h.v.i.xml.ValidationXmlParser : Trying to load META-INF/validation.xml for XML based Validator configuration. 
2018-05-17 10:32:59.615 DEBUG 26252 --- [restartedMain] o.h.v.internal.xml.ResourceLoaderHelper  : Trying to load META-INF/validation.xml via user class loader
2018:05:17 10:32:59.615 DEBUG --- [restartedMain] o.h.v.i.xml.ResourceLoaderHelper : Trying to load META-INF/validation.xml via user class loader 
2018-05-17 10:32:59.616 DEBUG 26252 --- [restartedMain] o.h.v.internal.xml.ResourceLoaderHelper  : Trying to load META-INF/validation.xml via TCCL
2018:05:17 10:32:59.616 DEBUG --- [restartedMain] o.h.v.i.xml.ResourceLoaderHelper : Trying to load META-INF/validation.xml via TCCL 
2018-05-17 10:32:59.616 DEBUG 26252 --- [restartedMain] o.h.v.internal.xml.ResourceLoaderHelper  : Trying to load META-INF/validation.xml via Hibernate Validator's class loader
2018:05:17 10:32:59.616 DEBUG --- [restartedMain] o.h.v.i.xml.ResourceLoaderHelper : Trying to load META-INF/validation.xml via Hibernate Validator's class loader 
2018-05-17 10:32:59.617 DEBUG 26252 --- [restartedMain] o.h.v.internal.xml.ValidationXmlParser   : No META-INF/validation.xml found. Using annotation based configuration only.
2018:05:17 10:32:59.617 DEBUG --- [restartedMain] o.h.v.i.xml.ValidationXmlParser : No META-INF/validation.xml found. Using annotation based configuration only. 
2018-05-17 10:32:59.621 DEBUG 26252 --- [restartedMain] o.h.v.i.engine.ValidatorFactoryImpl      : HV000234: Using org.springframework.validation.beanvalidation.LocaleContextMessageInterpolator as ValidatorFactory-scoped message interpolator.
2018:05:17 10:32:59.621 DEBUG --- [restartedMain] o.h.v.i.engine.ValidatorFactoryImpl : HV000234: Using org.springframework.validation.beanvalidation.LocaleContextMessageInterpolator as ValidatorFactory-scoped message interpolator. 
2018-05-17 10:32:59.622 DEBUG 26252 --- [restartedMain] o.h.v.i.engine.ValidatorFactoryImpl      : HV000234: Using org.hibernate.validator.internal.engine.resolver.TraverseAllTraversableResolver as ValidatorFactory-scoped traversable resolver.
2018:05:17 10:32:59.622 DEBUG --- [restartedMain] o.h.v.i.engine.ValidatorFactoryImpl : HV000234: Using org.hibernate.validator.internal.engine.resolver.TraverseAllTraversableResolver as ValidatorFactory-scoped traversable resolver. 
2018-05-17 10:32:59.623 DEBUG 26252 --- [restartedMain] o.h.v.i.engine.ValidatorFactoryImpl      : HV000234: Using org.hibernate.validator.internal.util.ExecutableParameterNameProvider as ValidatorFactory-scoped parameter name provider.
2018:05:17 10:32:59.623 DEBUG --- [restartedMain] o.h.v.i.engine.ValidatorFactoryImpl : HV000234: Using org.hibernate.validator.internal.util.ExecutableParameterNameProvider as ValidatorFactory-scoped parameter name provider. 
2018-05-17 10:32:59.623 DEBUG 26252 --- [restartedMain] o.h.v.i.engine.ValidatorFactoryImpl      : HV000234: Using org.hibernate.validator.internal.engine.DefaultClockProvider as ValidatorFactory-scoped clock provider.
2018:05:17 10:32:59.623 DEBUG --- [restartedMain] o.h.v.i.engine.ValidatorFactoryImpl : HV000234: Using org.hibernate.validator.internal.engine.DefaultClockProvider as ValidatorFactory-scoped clock provider. 
2018-05-17 10:32:59.624 DEBUG 26252 --- [restartedMain] o.h.v.i.engine.ValidatorFactoryImpl      : HV000234: Using org.hibernate.validator.internal.engine.scripting.DefaultScriptEvaluatorFactory as ValidatorFactory-scoped script evaluator factory.
2018:05:17 10:32:59.624 DEBUG --- [restartedMain] o.h.v.i.engine.ValidatorFactoryImpl : HV000234: Using org.hibernate.validator.internal.engine.scripting.DefaultScriptEvaluatorFactory as ValidatorFactory-scoped script evaluator factory. 
